# JRE version: OpenJDK Runtime Environment Temurin-21.0.6+7 (21.0.6+7) (build 21.0.6+7-LTS)
# Java VM: OpenJDK 64-Bit Server VM Temurin-21.0.6+7 (21.0.6+7-LTS, mixed mode, sharing, tiered, compressed oops, compressed class ptrs, parallel gc, windows-amd64)
GC Precious Log:
 CardTable entry size: 512
 CPUs: 20 total, 20 available
 Memory: 16068M
 Large Page Support: Disabled
 NUMA Support: Disabled
 Compressed Oops: Enabled (32-bit)
 Alignments: Space 512K, Generation 512K, Heap 2M
 Heap Min Capacity: 100M
 Heap Initial Capacity: 100M
 Heap Max Capacity: 1G
 Pre-touch: Disabled
 Parallel Workers: 15
Heap:
 PSYoungGen      total 7168K, used 7140K [0x00000000eab00000, 0x00000000eb700000, 0x0000000100000000)
  eden space 6144K, 100% used [0x00000000eab00000,0x00000000eb100000,0x00000000eb100000)
  from space 1024K, 97% used [0x00000000eb400000,0x00000000eb4f91b0,0x00000000eb500000)
  to   space 3072K, 49% used [0x00000000eb100000,0x00000000eb27e850,0x00000000eb400000)
 ParOldGen       total 141312K, used 140972K [0x00000000c0000000, 0x00000000c8a00000, 0x00000000eab00000)
  object space 141312K, 99% used [0x00000000c0000000,0x00000000c89ab368,0x00000000c8a00000)
 Metaspace       used 43125K, committed 44352K, reserved 1114112K
  class space    used 4398K, committed 4928K, reserved 1048576K
GC Heap History (20 events):
Event: 3.780 GC heap before
{Heap before GC invocations=61 (full 2):
 PSYoungGen      total 8192K, used 7709K [0x00000000eab00000, 0x00000000eb500000, 0x0000000100000000)
  eden space 6144K, 100% used [0x00000000eab00000,0x00000000eb100000,0x00000000eb100000)
  from space 2048K, 76% used [0x00000000eb300000,0x00000000eb487448,0x00000000eb500000)
  to   space 2048K, 0% used [0x00000000eb100000,0x00000000eb100000,0x00000000eb300000)
 ParOldGen       total 126976K, used 126573K [0x00000000c0000000, 0x00000000c7c00000, 0x00000000eab00000)
  object space 126976K, 99% used [0x00000000c0000000,0x00000000c7b9b520,0x00000000c7c00000)
 Metaspace       used 42576K, committed 43776K, reserved 1114112K
  class space    used 4325K, committed 4864K, reserved 1048576K
}
Event: 3.781 GC heap after
{Heap after GC invocations=61 (full 2):
 PSYoungGen      total 7680K, used 1416K [0x00000000eab00000, 0x00000000eb400000, 0x0000000100000000)
  eden space 6144K, 0% used [0x00000000eab00000,0x00000000eab00000,0x00000000eb100000)
  from space 1536K, 92% used [0x00000000eb100000,0x00000000eb262148,0x00000000eb280000)
  to   space 1536K, 0% used [0x00000000eb280000,0x00000000eb280000,0x00000000eb400000)
 ParOldGen       total 128000K, used 127885K [0x00000000c0000000, 0x00000000c7d00000, 0x00000000eab00000)
  object space 128000K, 99% used [0x00000000c0000000,0x00000000c7ce3678,0x00000000c7d00000)
 Metaspace       used 42576K, committed 43776K, reserved 1114112K
  class space    used 4325K, committed 4864K, reserved 1048576K
}
Event: 3.795 GC heap before
{Heap before GC invocations=62 (full 2):
 PSYoungGen      total 7680K, used 7560K [0x00000000eab00000, 0x00000000eb400000, 0x0000000100000000)
  eden space 6144K, 100% used [0x00000000eab00000,0x00000000eb100000,0x00000000eb100000)
  from space 1536K, 92% used [0x00000000eb100000,0x00000000eb262148,0x00000000eb280000)
  to   space 1536K, 0% used [0x00000000eb280000,0x00000000eb280000,0x00000000eb400000)
 ParOldGen       total 128000K, used 127885K [0x00000000c0000000, 0x00000000c7d00000, 0x00000000eab00000)
  object space 128000K, 99% used [0x00000000c0000000,0x00000000c7ce3678,0x00000000c7d00000)
 Metaspace       used 42609K, committed 43776K, reserved 1114112K
  class space    used 4332K, committed 4864K, reserved 1048576K
}
Event: 3.795 GC heap after
{Heap after GC invocations=62 (full 2):
 PSYoungGen      total 7680K, used 1505K [0x00000000eab00000, 0x00000000eb400000, 0x0000000100000000)
  eden space 6144K, 0% used [0x00000000eab00000,0x00000000eab00000,0x00000000eb100000)
  from space 1536K, 98% used [0x00000000eb280000,0x00000000eb3f8610,0x00000000eb400000)
  to   space 1536K, 0% used [0x00000000eb100000,0x00000000eb100000,0x00000000eb280000)
 ParOldGen       total 129536K, used 129155K [0x00000000c0000000, 0x00000000c7e80000, 0x00000000eab00000)
  object space 129536K, 99% used [0x00000000c0000000,0x00000000c7e20ef8,0x00000000c7e80000)
 Metaspace       used 42609K, committed 43776K, reserved 1114112K
  class space    used 4332K, committed 4864K, reserved 1048576K
}
Event: 3.808 GC heap before
{Heap before GC invocations=63 (full 2):
 PSYoungGen      total 7680K, used 7649K [0x00000000eab00000, 0x00000000eb400000, 0x0000000100000000)
  eden space 6144K, 100% used [0x00000000eab00000,0x00000000eb100000,0x00000000eb100000)
  from space 1536K, 98% used [0x00000000eb280000,0x00000000eb3f8610,0x00000000eb400000)
  to   space 1536K, 0% used [0x00000000eb100000,0x00000000eb100000,0x00000000eb280000)
 ParOldGen       total 129536K, used 129155K [0x00000000c0000000, 0x00000000c7e80000, 0x00000000eab00000)
  object space 129536K, 99% used [0x00000000c0000000,0x00000000c7e20ef8,0x00000000c7e80000)
 Metaspace       used 42654K, committed 43840K, reserved 1114112K
  class space    used 4336K, committed 4864K, reserved 1048576K
}
Event: 3.809 GC heap after
{Heap after GC invocations=63 (full 2):
 PSYoungGen      total 7680K, used 1513K [0x00000000eab00000, 0x00000000eb800000, 0x0000000100000000)
  eden space 6144K, 0% used [0x00000000eab00000,0x00000000eab00000,0x00000000eb100000)
  from space 1536K, 98% used [0x00000000eb100000,0x00000000eb27a718,0x00000000eb280000)
  to   space 3584K, 0% used [0x00000000eb480000,0x00000000eb480000,0x00000000eb800000)
 ParOldGen       total 130560K, used 130514K [0x00000000c0000000, 0x00000000c7f80000, 0x00000000eab00000)
  object space 130560K, 99% used [0x00000000c0000000,0x00000000c7f749d0,0x00000000c7f80000)
 Metaspace       used 42654K, committed 43840K, reserved 1114112K
  class space    used 4336K, committed 4864K, reserved 1048576K
}
Event: 3.821 GC heap before
{Heap before GC invocations=64 (full 2):
 PSYoungGen      total 7680K, used 7657K [0x00000000eab00000, 0x00000000eb800000, 0x0000000100000000)
  eden space 6144K, 100% used [0x00000000eab00000,0x00000000eb100000,0x00000000eb100000)
  from space 1536K, 98% used [0x00000000eb100000,0x00000000eb27a718,0x00000000eb280000)
  to   space 3584K, 0% used [0x00000000eb480000,0x00000000eb480000,0x00000000eb800000)
 ParOldGen       total 130560K, used 130514K [0x00000000c0000000, 0x00000000c7f80000, 0x00000000eab00000)
  object space 130560K, 99% used [0x00000000c0000000,0x00000000c7f749d0,0x00000000c7f80000)
 Metaspace       used 42716K, committed 43904K, reserved 1114112K
  class space    used 4343K, committed 4864K, reserved 1048576K
}
Event: 3.822 GC heap after
{Heap after GC invocations=64 (full 2):
 PSYoungGen      total 7680K, used 1494K [0x00000000eab00000, 0x00000000eb600000, 0x0000000100000000)
  eden space 6144K, 0% used [0x00000000eab00000,0x00000000eab00000,0x00000000eb100000)
  from space 1536K, 97% used [0x00000000eb480000,0x00000000eb5f5a18,0x00000000eb600000)
  to   space 2048K, 0% used [0x00000000eb200000,0x00000000eb200000,0x00000000eb400000)
 ParOldGen       total 132096K, used 131752K [0x00000000c0000000, 0x00000000c8100000, 0x00000000eab00000)
  object space 132096K, 99% used [0x00000000c0000000,0x00000000c80aa0c0,0x00000000c8100000)
 Metaspace       used 42716K, committed 43904K, reserved 1114112K
  class space    used 4343K, committed 4864K, reserved 1048576K
}
Event: 3.837 GC heap before
{Heap before GC invocations=65 (full 2):
 PSYoungGen      total 7680K, used 7638K [0x00000000eab00000, 0x00000000eb600000, 0x0000000100000000)
  eden space 6144K, 100% used [0x00000000eab00000,0x00000000eb100000,0x00000000eb100000)
  from space 1536K, 97% used [0x00000000eb480000,0x00000000eb5f5a18,0x00000000eb600000)
  to   space 2048K, 0% used [0x00000000eb200000,0x00000000eb200000,0x00000000eb400000)
 ParOldGen       total 132096K, used 131752K [0x00000000c0000000, 0x00000000c8100000, 0x00000000eab00000)
  object space 132096K, 99% used [0x00000000c0000000,0x00000000c80aa0c0,0x00000000c8100000)
 Metaspace       used 42751K, committed 43904K, reserved 1114112K
  class space    used 4350K, committed 4864K, reserved 1048576K
}
Event: 3.838 GC heap after
{Heap after GC invocations=65 (full 2):
 PSYoungGen      total 7680K, used 1520K [0x00000000eab00000, 0x00000000eb500000, 0x0000000100000000)
  eden space 6144K, 0% used [0x00000000eab00000,0x00000000eab00000,0x00000000eb100000)
  from space 1536K, 98% used [0x00000000eb200000,0x00000000eb37c040,0x00000000eb380000)
  to   space 1536K, 0% used [0x00000000eb380000,0x00000000eb380000,0x00000000eb500000)
 ParOldGen       total 133120K, used 133023K [0x00000000c0000000, 0x00000000c8200000, 0x00000000eab00000)
  object space 133120K, 99% used [0x00000000c0000000,0x00000000c81e7ec8,0x00000000c8200000)
 Metaspace       used 42751K, committed 43904K, reserved 1114112K
  class space    used 4350K, committed 4864K, reserved 1048576K
}
Event: 3.853 GC heap before
{Heap before GC invocations=66 (full 2):
 PSYoungGen      total 7680K, used 7664K [0x00000000eab00000, 0x00000000eb500000, 0x0000000100000000)
  eden space 6144K, 100% used [0x00000000eab00000,0x00000000eb100000,0x00000000eb100000)
  from space 1536K, 98% used [0x00000000eb200000,0x00000000eb37c040,0x00000000eb380000)
  to   space 1536K, 0% used [0x00000000eb380000,0x00000000eb380000,0x00000000eb500000)
 ParOldGen       total 133120K, used 133023K [0x00000000c0000000, 0x00000000c8200000, 0x00000000eab00000)
  object space 133120K, 99% used [0x00000000c0000000,0x00000000c81e7ec8,0x00000000c8200000)
 Metaspace       used 42846K, committed 43968K, reserved 1114112K
  class space    used 4358K, committed 4864K, reserved 1048576K
}
Event: 3.854 GC heap after
{Heap after GC invocations=66 (full 2):
 PSYoungGen      total 7680K, used 1519K [0x00000000eab00000, 0x00000000eb500000, 0x0000000100000000)
  eden space 6144K, 0% used [0x00000000eab00000,0x00000000eab00000,0x00000000eb100000)
  from space 1536K, 98% used [0x00000000eb380000,0x00000000eb4fbda0,0x00000000eb500000)
  to   space 1536K, 0% used [0x00000000eb200000,0x00000000eb200000,0x00000000eb380000)
 ParOldGen       total 134656K, used 134348K [0x00000000c0000000, 0x00000000c8380000, 0x00000000eab00000)
  object space 134656K, 99% used [0x00000000c0000000,0x00000000c8333368,0x00000000c8380000)
 Metaspace       used 42846K, committed 43968K, reserved 1114112K
  class space    used 4358K, committed 4864K, reserved 1048576K
}
Event: 3.866 GC heap before
{Heap before GC invocations=67 (full 2):
 PSYoungGen      total 7680K, used 7663K [0x00000000eab00000, 0x00000000eb500000, 0x0000000100000000)
  eden space 6144K, 100% used [0x00000000eab00000,0x00000000eb100000,0x00000000eb100000)
  from space 1536K, 98% used [0x00000000eb380000,0x00000000eb4fbda0,0x00000000eb500000)
  to   space 1536K, 0% used [0x00000000eb200000,0x00000000eb200000,0x00000000eb380000)
 ParOldGen       total 134656K, used 134348K [0x00000000c0000000, 0x00000000c8380000, 0x00000000eab00000)
  object space 134656K, 99% used [0x00000000c0000000,0x00000000c8333368,0x00000000c8380000)
 Metaspace       used 42879K, committed 44096K, reserved 1114112K
  class space    used 4365K, committed 4928K, reserved 1048576K
}
Event: 3.867 GC heap after
{Heap after GC invocations=67 (full 2):
 PSYoungGen      total 7680K, used 1512K [0x00000000eab00000, 0x00000000eb700000, 0x0000000100000000)
  eden space 6144K, 0% used [0x00000000eab00000,0x00000000eab00000,0x00000000eb100000)
  from space 1536K, 98% used [0x00000000eb200000,0x00000000eb37a1d8,0x00000000eb380000)
  to   space 3072K, 0% used [0x00000000eb400000,0x00000000eb400000,0x00000000eb700000)
 ParOldGen       total 135680K, used 135609K [0x00000000c0000000, 0x00000000c8480000, 0x00000000eab00000)
  object space 135680K, 99% used [0x00000000c0000000,0x00000000c846e780,0x00000000c8480000)
 Metaspace       used 42879K, committed 44096K, reserved 1114112K
  class space    used 4365K, committed 4928K, reserved 1048576K
}
Event: 3.878 GC heap before
{Heap before GC invocations=68 (full 2):
 PSYoungGen      total 7680K, used 7656K [0x00000000eab00000, 0x00000000eb700000, 0x0000000100000000)
  eden space 6144K, 100% used [0x00000000eab00000,0x00000000eb100000,0x00000000eb100000)
  from space 1536K, 98% used [0x00000000eb200000,0x00000000eb37a1d8,0x00000000eb380000)
  to   space 3072K, 0% used [0x00000000eb400000,0x00000000eb400000,0x00000000eb700000)
 ParOldGen       total 135680K, used 135609K [0x00000000c0000000, 0x00000000c8480000, 0x00000000eab00000)
  object space 135680K, 99% used [0x00000000c0000000,0x00000000c846e780,0x00000000c8480000)
 Metaspace       used 42929K, committed 44096K, reserved 1114112K
  class space    used 4374K, committed 4928K, reserved 1048576K
}
Event: 3.879 GC heap after
{Heap after GC invocations=68 (full 2):
 PSYoungGen      total 8192K, used 1582K [0x00000000eab00000, 0x00000000eb600000, 0x0000000100000000)
  eden space 6144K, 0% used [0x00000000eab00000,0x00000000eab00000,0x00000000eb100000)
  from space 2048K, 77% used [0x00000000eb400000,0x00000000eb58b8f0,0x00000000eb600000)
  to   space 2048K, 0% used [0x00000000eb200000,0x00000000eb200000,0x00000000eb400000)
 ParOldGen       total 137216K, used 136959K [0x00000000c0000000, 0x00000000c8600000, 0x00000000eab00000)
  object space 137216K, 99% used [0x00000000c0000000,0x00000000c85bffb0,0x00000000c8600000)
 Metaspace       used 42929K, committed 44096K, reserved 1114112K
  class space    used 4374K, committed 4928K, reserved 1048576K
}
Event: 3.889 GC heap before
{Heap before GC invocations=69 (full 2):
 PSYoungGen      total 8192K, used 7726K [0x00000000eab00000, 0x00000000eb600000, 0x0000000100000000)
  eden space 6144K, 100% used [0x00000000eab00000,0x00000000eb100000,0x00000000eb100000)
  from space 2048K, 77% used [0x00000000eb400000,0x00000000eb58b8f0,0x00000000eb600000)
  to   space 2048K, 0% used [0x00000000eb200000,0x00000000eb200000,0x00000000eb400000)
 ParOldGen       total 137216K, used 136959K [0x00000000c0000000, 0x00000000c8600000, 0x00000000eab00000)
  object space 137216K, 99% used [0x00000000c0000000,0x00000000c85bffb0,0x00000000c8600000)
 Metaspace       used 42970K, committed 44160K, reserved 1114112K
  class space    used 4379K, committed 4928K, reserved 1048576K
}
Event: 3.890 GC heap after
{Heap after GC invocations=69 (full 2):
 PSYoungGen      total 8192K, used 1564K [0x00000000eab00000, 0x00000000eb500000, 0x0000000100000000)
  eden space 6144K, 0% used [0x00000000eab00000,0x00000000eab00000,0x00000000eb100000)
  from space 2048K, 76% used [0x00000000eb200000,0x00000000eb387348,0x00000000eb400000)
  to   space 1024K, 0% used [0x00000000eb400000,0x00000000eb400000,0x00000000eb500000)
 ParOldGen       total 138752K, used 138299K [0x00000000c0000000, 0x00000000c8780000, 0x00000000eab00000)
  object space 138752K, 99% used [0x00000000c0000000,0x00000000c870ec60,0x00000000c8780000)
 Metaspace       used 42970K, committed 44160K, reserved 1114112K
  class space    used 4379K, committed 4928K, reserved 1048576K
}
Event: 3.905 GC heap before
{Heap before GC invocations=70 (full 2):
 PSYoungGen      total 8192K, used 7708K [0x00000000eab00000, 0x00000000eb500000, 0x0000000100000000)
  eden space 6144K, 100% used [0x00000000eab00000,0x00000000eb100000,0x00000000eb100000)
  from space 2048K, 76% used [0x00000000eb200000,0x00000000eb387348,0x00000000eb400000)
  to   space 1024K, 0% used [0x00000000eb400000,0x00000000eb400000,0x00000000eb500000)
 ParOldGen       total 138752K, used 138299K [0x00000000c0000000, 0x00000000c8780000, 0x00000000eab00000)
  object space 138752K, 99% used [0x00000000c0000000,0x00000000c870ec60,0x00000000c8780000)
 Metaspace       used 43037K, committed 44288K, reserved 1114112K
  class space    used 4386K, committed 4928K, reserved 1048576K
}
Event: 3.906 GC heap after
{Heap after GC invocations=70 (full 2):
 PSYoungGen      total 7168K, used 996K [0x00000000eab00000, 0x00000000eb700000, 0x0000000100000000)
  eden space 6144K, 0% used [0x00000000eab00000,0x00000000eab00000,0x00000000eb100000)
  from space 1024K, 97% used [0x00000000eb400000,0x00000000eb4f91b0,0x00000000eb500000)
  to   space 3072K, 0% used [0x00000000eb100000,0x00000000eb100000,0x00000000eb400000)
 ParOldGen       total 140288K, used 140022K [0x00000000c0000000, 0x00000000c8900000, 0x00000000eab00000)
  object space 140288K, 99% used [0x00000000c0000000,0x00000000c88bd9e8,0x00000000c8900000)
 Metaspace       used 43037K, committed 44288K, reserved 1114112K
  class space    used 4386K, committed 4928K, reserved 1048576K
}

