# JRE version: OpenJDK Runtime Environment Temurin-21.0.6+7 (21.0.6+7) (build 21.0.6+7-LTS)
# Java VM: OpenJDK 64-Bit Server VM Temurin-21.0.6+7 (21.0.6+7-LTS, mixed mode, sharing, tiered, compressed oops, compressed class ptrs, parallel gc, windows-amd64)
GC Precious Log:
 CardTable entry size: 512
 CPUs: 20 total, 20 available
 Memory: 16068M
 Large Page Support: Disabled
 NUMA Support: Disabled
 Compressed Oops: Enabled (32-bit)
 Alignments: Space 512K, Generation 512K, Heap 2M
 Heap Min Capacity: 100M
 Heap Initial Capacity: 100M
 Heap Max Capacity: 1G
 Pre-touch: Disabled
 Parallel Workers: 15
Heap:
 PSYoungGen      total 6656K, used 6608K [0x00000000eab00000, 0x00000000eb300000, 0x0000000100000000)
  eden space 5120K, 100% used [0x00000000eab00000,0x00000000eb000000,0x00000000eb000000)
  from space 1536K, 96% used [0x00000000eb080000,0x00000000eb1f4330,0x00000000eb200000)
  to   space 1024K, 99% used [0x00000000eb200000,0x00000000eb2fdba8,0x00000000eb300000)
 ParOldGen       total 245248K, used 244789K [0x00000000c0000000, 0x00000000cef80000, 0x00000000eab00000)
  object space 245248K, 99% used [0x00000000c0000000,0x00000000cef0d550,0x00000000cef80000)
 Metaspace       used 48870K, committed 50112K, reserved 1114112K
  class space    used 5106K, committed 5632K, reserved 1048576K
GC Heap History (20 events):
Event: 5.745 GC heap before
{Heap before GC invocations=126 (full 2):
 PSYoungGen      total 6656K, used 6325K [0x00000000eab00000, 0x00000000eb300000, 0x0000000100000000)
  eden space 5120K, 100% used [0x00000000eab00000,0x00000000eb000000,0x00000000eb000000)
  from space 1536K, 78% used [0x00000000eb000000,0x00000000eb12d440,0x00000000eb180000)
  to   space 1536K, 0% used [0x00000000eb180000,0x00000000eb180000,0x00000000eb300000)
 ParOldGen       total 232448K, used 232199K [0x00000000c0000000, 0x00000000ce300000, 0x00000000eab00000)
  object space 232448K, 99% used [0x00000000c0000000,0x00000000ce2c1d70,0x00000000ce300000)
 Metaspace       used 48309K, committed 49536K, reserved 1114112K
  class space    used 5041K, committed 5568K, reserved 1048576K
}
Event: 5.746 GC heap after
{Heap after GC invocations=126 (full 2):
 PSYoungGen      total 6656K, used 1210K [0x00000000eab00000, 0x00000000eb300000, 0x0000000100000000)
  eden space 5120K, 0% used [0x00000000eab00000,0x00000000eab00000,0x00000000eb000000)
  from space 1536K, 78% used [0x00000000eb180000,0x00000000eb2aea78,0x00000000eb300000)
  to   space 1536K, 0% used [0x00000000eb000000,0x00000000eb000000,0x00000000eb180000)
 ParOldGen       total 233472K, used 233193K [0x00000000c0000000, 0x00000000ce400000, 0x00000000eab00000)
  object space 233472K, 99% used [0x00000000c0000000,0x00000000ce3ba498,0x00000000ce400000)
 Metaspace       used 48309K, committed 49536K, reserved 1114112K
  class space    used 5041K, committed 5568K, reserved 1048576K
}
Event: 5.752 GC heap before
{Heap before GC invocations=127 (full 2):
 PSYoungGen      total 6656K, used 6330K [0x00000000eab00000, 0x00000000eb300000, 0x0000000100000000)
  eden space 5120K, 100% used [0x00000000eab00000,0x00000000eb000000,0x00000000eb000000)
  from space 1536K, 78% used [0x00000000eb180000,0x00000000eb2aea78,0x00000000eb300000)
  to   space 1536K, 0% used [0x00000000eb000000,0x00000000eb000000,0x00000000eb180000)
 ParOldGen       total 233472K, used 233193K [0x00000000c0000000, 0x00000000ce400000, 0x00000000eab00000)
  object space 233472K, 99% used [0x00000000c0000000,0x00000000ce3ba498,0x00000000ce400000)
 Metaspace       used 48344K, committed 49536K, reserved 1114112K
  class space    used 5048K, committed 5568K, reserved 1048576K
}
Event: 5.753 GC heap after
{Heap after GC invocations=127 (full 2):
 PSYoungGen      total 6656K, used 1381K [0x00000000eab00000, 0x00000000eb300000, 0x0000000100000000)
  eden space 5120K, 0% used [0x00000000eab00000,0x00000000eab00000,0x00000000eb000000)
  from space 1536K, 89% used [0x00000000eb000000,0x00000000eb159478,0x00000000eb180000)
  to   space 1536K, 0% used [0x00000000eb180000,0x00000000eb180000,0x00000000eb300000)
 ParOldGen       total 234496K, used 234133K [0x00000000c0000000, 0x00000000ce500000, 0x00000000eab00000)
  object space 234496K, 99% used [0x00000000c0000000,0x00000000ce4a5588,0x00000000ce500000)
 Metaspace       used 48344K, committed 49536K, reserved 1114112K
  class space    used 5048K, committed 5568K, reserved 1048576K
}
Event: 5.760 GC heap before
{Heap before GC invocations=128 (full 2):
 PSYoungGen      total 6656K, used 6501K [0x00000000eab00000, 0x00000000eb300000, 0x0000000100000000)
  eden space 5120K, 100% used [0x00000000eab00000,0x00000000eb000000,0x00000000eb000000)
  from space 1536K, 89% used [0x00000000eb000000,0x00000000eb159478,0x00000000eb180000)
  to   space 1536K, 0% used [0x00000000eb180000,0x00000000eb180000,0x00000000eb300000)
 ParOldGen       total 234496K, used 234133K [0x00000000c0000000, 0x00000000ce500000, 0x00000000eab00000)
  object space 234496K, 99% used [0x00000000c0000000,0x00000000ce4a5588,0x00000000ce500000)
 Metaspace       used 48401K, committed 49600K, reserved 1114112K
  class space    used 5053K, committed 5568K, reserved 1048576K
}
Event: 5.761 GC heap after
{Heap after GC invocations=128 (full 2):
 PSYoungGen      total 6656K, used 1178K [0x00000000eab00000, 0x00000000eb300000, 0x0000000100000000)
  eden space 5120K, 0% used [0x00000000eab00000,0x00000000eab00000,0x00000000eb000000)
  from space 1536K, 76% used [0x00000000eb180000,0x00000000eb2a6ac0,0x00000000eb300000)
  to   space 1536K, 0% used [0x00000000eb000000,0x00000000eb000000,0x00000000eb180000)
 ParOldGen       total 235520K, used 235306K [0x00000000c0000000, 0x00000000ce600000, 0x00000000eab00000)
  object space 235520K, 99% used [0x00000000c0000000,0x00000000ce5caaa0,0x00000000ce600000)
 Metaspace       used 48401K, committed 49600K, reserved 1114112K
  class space    used 5053K, committed 5568K, reserved 1048576K
}
Event: 5.769 GC heap before
{Heap before GC invocations=129 (full 2):
 PSYoungGen      total 6656K, used 6298K [0x00000000eab00000, 0x00000000eb300000, 0x0000000100000000)
  eden space 5120K, 100% used [0x00000000eab00000,0x00000000eb000000,0x00000000eb000000)
  from space 1536K, 76% used [0x00000000eb180000,0x00000000eb2a6ac0,0x00000000eb300000)
  to   space 1536K, 0% used [0x00000000eb000000,0x00000000eb000000,0x00000000eb180000)
 ParOldGen       total 235520K, used 235306K [0x00000000c0000000, 0x00000000ce600000, 0x00000000eab00000)
  object space 235520K, 99% used [0x00000000c0000000,0x00000000ce5caaa0,0x00000000ce600000)
 Metaspace       used 48457K, committed 49664K, reserved 1114112K
  class space    used 5056K, committed 5568K, reserved 1048576K
}
Event: 5.770 GC heap after
{Heap after GC invocations=129 (full 2):
 PSYoungGen      total 6656K, used 1310K [0x00000000eab00000, 0x00000000eb300000, 0x0000000100000000)
  eden space 5120K, 0% used [0x00000000eab00000,0x00000000eab00000,0x00000000eb000000)
  from space 1536K, 85% used [0x00000000eb000000,0x00000000eb147a20,0x00000000eb180000)
  to   space 1536K, 0% used [0x00000000eb180000,0x00000000eb180000,0x00000000eb300000)
 ParOldGen       total 236544K, used 236380K [0x00000000c0000000, 0x00000000ce700000, 0x00000000eab00000)
  object space 236544K, 99% used [0x00000000c0000000,0x00000000ce6d7338,0x00000000ce700000)
 Metaspace       used 48457K, committed 49664K, reserved 1114112K
  class space    used 5056K, committed 5568K, reserved 1048576K
}
Event: 5.793 GC heap before
{Heap before GC invocations=130 (full 2):
 PSYoungGen      total 6656K, used 6430K [0x00000000eab00000, 0x00000000eb300000, 0x0000000100000000)
  eden space 5120K, 100% used [0x00000000eab00000,0x00000000eb000000,0x00000000eb000000)
  from space 1536K, 85% used [0x00000000eb000000,0x00000000eb147a20,0x00000000eb180000)
  to   space 1536K, 0% used [0x00000000eb180000,0x00000000eb180000,0x00000000eb300000)
 ParOldGen       total 236544K, used 236380K [0x00000000c0000000, 0x00000000ce700000, 0x00000000eab00000)
  object space 236544K, 99% used [0x00000000c0000000,0x00000000ce6d7338,0x00000000ce700000)
 Metaspace       used 48493K, committed 49664K, reserved 1114112K
  class space    used 5061K, committed 5568K, reserved 1048576K
}
Event: 5.794 GC heap after
{Heap after GC invocations=130 (full 2):
 PSYoungGen      total 6656K, used 1350K [0x00000000eab00000, 0x00000000eb300000, 0x0000000100000000)
  eden space 5120K, 0% used [0x00000000eab00000,0x00000000eab00000,0x00000000eb000000)
  from space 1536K, 87% used [0x00000000eb180000,0x00000000eb2d19f0,0x00000000eb300000)
  to   space 1536K, 0% used [0x00000000eb000000,0x00000000eb000000,0x00000000eb180000)
 ParOldGen       total 237568K, used 237525K [0x00000000c0000000, 0x00000000ce800000, 0x00000000eab00000)
  object space 237568K, 99% used [0x00000000c0000000,0x00000000ce7f5650,0x00000000ce800000)
 Metaspace       used 48493K, committed 49664K, reserved 1114112K
  class space    used 5061K, committed 5568K, reserved 1048576K
}
Event: 5.809 GC heap before
{Heap before GC invocations=131 (full 2):
 PSYoungGen      total 6656K, used 6470K [0x00000000eab00000, 0x00000000eb300000, 0x0000000100000000)
  eden space 5120K, 100% used [0x00000000eab00000,0x00000000eb000000,0x00000000eb000000)
  from space 1536K, 87% used [0x00000000eb180000,0x00000000eb2d19f0,0x00000000eb300000)
  to   space 1536K, 0% used [0x00000000eb000000,0x00000000eb000000,0x00000000eb180000)
 ParOldGen       total 237568K, used 237525K [0x00000000c0000000, 0x00000000ce800000, 0x00000000eab00000)
  object space 237568K, 99% used [0x00000000c0000000,0x00000000ce7f5650,0x00000000ce800000)
 Metaspace       used 48518K, committed 49728K, reserved 1114112K
  class space    used 5064K, committed 5568K, reserved 1048576K
}
Event: 5.810 GC heap after
{Heap after GC invocations=131 (full 2):
 PSYoungGen      total 6656K, used 1514K [0x00000000eab00000, 0x00000000eb600000, 0x0000000100000000)
  eden space 5120K, 0% used [0x00000000eab00000,0x00000000eab00000,0x00000000eb000000)
  from space 1536K, 98% used [0x00000000eb000000,0x00000000eb17aaf0,0x00000000eb180000)
  to   space 3072K, 0% used [0x00000000eb300000,0x00000000eb300000,0x00000000eb600000)
 ParOldGen       total 239104K, used 238645K [0x00000000c0000000, 0x00000000ce980000, 0x00000000eab00000)
  object space 239104K, 99% used [0x00000000c0000000,0x00000000ce90d7b8,0x00000000ce980000)
 Metaspace       used 48518K, committed 49728K, reserved 1114112K
  class space    used 5064K, committed 5568K, reserved 1048576K
}
Event: 5.821 GC heap before
{Heap before GC invocations=132 (full 2):
 PSYoungGen      total 6656K, used 6634K [0x00000000eab00000, 0x00000000eb600000, 0x0000000100000000)
  eden space 5120K, 100% used [0x00000000eab00000,0x00000000eb000000,0x00000000eb000000)
  from space 1536K, 98% used [0x00000000eb000000,0x00000000eb17aaf0,0x00000000eb180000)
  to   space 3072K, 0% used [0x00000000eb300000,0x00000000eb300000,0x00000000eb600000)
 ParOldGen       total 239104K, used 238645K [0x00000000c0000000, 0x00000000ce980000, 0x00000000eab00000)
  object space 239104K, 99% used [0x00000000c0000000,0x00000000ce90d7b8,0x00000000ce980000)
 Metaspace       used 48620K, committed 49856K, reserved 1114112K
  class space    used 5076K, committed 5632K, reserved 1048576K
}
Event: 5.822 GC heap after
{Heap after GC invocations=132 (full 2):
 PSYoungGen      total 6656K, used 1315K [0x00000000eab00000, 0x00000000eb480000, 0x0000000100000000)
  eden space 5120K, 0% used [0x00000000eab00000,0x00000000eab00000,0x00000000eb000000)
  from space 1536K, 85% used [0x00000000eb300000,0x00000000eb448cd8,0x00000000eb480000)
  to   space 2048K, 0% used [0x00000000eb080000,0x00000000eb080000,0x00000000eb280000)
 ParOldGen       total 240128K, used 239933K [0x00000000c0000000, 0x00000000cea80000, 0x00000000eab00000)
  object space 240128K, 99% used [0x00000000c0000000,0x00000000cea4f560,0x00000000cea80000)
 Metaspace       used 48620K, committed 49856K, reserved 1114112K
  class space    used 5076K, committed 5632K, reserved 1048576K
}
Event: 5.833 GC heap before
{Heap before GC invocations=133 (full 2):
 PSYoungGen      total 6656K, used 6435K [0x00000000eab00000, 0x00000000eb480000, 0x0000000100000000)
  eden space 5120K, 100% used [0x00000000eab00000,0x00000000eb000000,0x00000000eb000000)
  from space 1536K, 85% used [0x00000000eb300000,0x00000000eb448cd8,0x00000000eb480000)
  to   space 2048K, 0% used [0x00000000eb080000,0x00000000eb080000,0x00000000eb280000)
 ParOldGen       total 240128K, used 239933K [0x00000000c0000000, 0x00000000cea80000, 0x00000000eab00000)
  object space 240128K, 99% used [0x00000000c0000000,0x00000000cea4f560,0x00000000cea80000)
 Metaspace       used 48716K, committed 49984K, reserved 1114112K
  class space    used 5086K, committed 5632K, reserved 1048576K
}
Event: 5.834 GC heap after
{Heap after GC invocations=133 (full 2):
 PSYoungGen      total 6656K, used 1312K [0x00000000eab00000, 0x00000000eb380000, 0x0000000100000000)
  eden space 5120K, 0% used [0x00000000eab00000,0x00000000eab00000,0x00000000eb000000)
  from space 1536K, 85% used [0x00000000eb080000,0x00000000eb1c8000,0x00000000eb200000)
  to   space 1536K, 0% used [0x00000000eb200000,0x00000000eb200000,0x00000000eb380000)
 ParOldGen       total 241152K, used 241093K [0x00000000c0000000, 0x00000000ceb80000, 0x00000000eab00000)
  object space 241152K, 99% used [0x00000000c0000000,0x00000000ceb71588,0x00000000ceb80000)
 Metaspace       used 48716K, committed 49984K, reserved 1114112K
  class space    used 5086K, committed 5632K, reserved 1048576K
}
Event: 5.845 GC heap before
{Heap before GC invocations=134 (full 2):
 PSYoungGen      total 6656K, used 6432K [0x00000000eab00000, 0x00000000eb380000, 0x0000000100000000)
  eden space 5120K, 100% used [0x00000000eab00000,0x00000000eb000000,0x00000000eb000000)
  from space 1536K, 85% used [0x00000000eb080000,0x00000000eb1c8000,0x00000000eb200000)
  to   space 1536K, 0% used [0x00000000eb200000,0x00000000eb200000,0x00000000eb380000)
 ParOldGen       total 241152K, used 241093K [0x00000000c0000000, 0x00000000ceb80000, 0x00000000eab00000)
  object space 241152K, 99% used [0x00000000c0000000,0x00000000ceb71588,0x00000000ceb80000)
 Metaspace       used 48767K, committed 50048K, reserved 1114112K
  class space    used 5093K, committed 5632K, reserved 1048576K
}
Event: 5.846 GC heap after
{Heap after GC invocations=134 (full 2):
 PSYoungGen      total 6656K, used 1361K [0x00000000eab00000, 0x00000000eb380000, 0x0000000100000000)
  eden space 5120K, 0% used [0x00000000eab00000,0x00000000eab00000,0x00000000eb000000)
  from space 1536K, 88% used [0x00000000eb200000,0x00000000eb354670,0x00000000eb380000)
  to   space 1536K, 0% used [0x00000000eb080000,0x00000000eb080000,0x00000000eb200000)
 ParOldGen       total 242176K, used 242166K [0x00000000c0000000, 0x00000000cec80000, 0x00000000eab00000)
  object space 242176K, 99% used [0x00000000c0000000,0x00000000cec7d8d0,0x00000000cec80000)
 Metaspace       used 48767K, committed 50048K, reserved 1114112K
  class space    used 5093K, committed 5632K, reserved 1048576K
}
Event: 5.857 GC heap before
{Heap before GC invocations=135 (full 2):
 PSYoungGen      total 6656K, used 6481K [0x00000000eab00000, 0x00000000eb380000, 0x0000000100000000)
  eden space 5120K, 100% used [0x00000000eab00000,0x00000000eb000000,0x00000000eb000000)
  from space 1536K, 88% used [0x00000000eb200000,0x00000000eb354670,0x00000000eb380000)
  to   space 1536K, 0% used [0x00000000eb080000,0x00000000eb080000,0x00000000eb200000)
 ParOldGen       total 242176K, used 242166K [0x00000000c0000000, 0x00000000cec80000, 0x00000000eab00000)
  object space 242176K, 99% used [0x00000000c0000000,0x00000000cec7d8d0,0x00000000cec80000)
 Metaspace       used 48832K, committed 50112K, reserved 1114112K
  class space    used 5101K, committed 5632K, reserved 1048576K
}
Event: 5.858 GC heap after
{Heap after GC invocations=135 (full 2):
 PSYoungGen      total 6656K, used 1488K [0x00000000eab00000, 0x00000000eb300000, 0x0000000100000000)
  eden space 5120K, 0% used [0x00000000eab00000,0x00000000eab00000,0x00000000eb000000)
  from space 1536K, 96% used [0x00000000eb080000,0x00000000eb1f4330,0x00000000eb200000)
  to   space 1024K, 0% used [0x00000000eb200000,0x00000000eb200000,0x00000000eb300000)
 ParOldGen       total 243712K, used 243296K [0x00000000c0000000, 0x00000000cee00000, 0x00000000eab00000)
  object space 243712K, 99% used [0x00000000c0000000,0x00000000ced98120,0x00000000cee00000)
 Metaspace       used 48832K, committed 50112K, reserved 1114112K
  class space    used 5101K, committed 5632K, reserved 1048576K
}

